INFO [2019-10-11 10:46:46] Running B_exec.R version 0.1.6
DEBUG [2019-10-11 10:46:46] R session:

R version 3.6.1 (2019-07-05)
Platform: x86_64-apple-darwin15.6.0 (64-bit)
Running under: macOS Sierra 10.12.6

Matrix products: default
BLAS:   /Library/Frameworks/R.framework/Versions/3.6/Resources/lib/libRblas.0.dylib
LAPACK: /Library/Frameworks/R.framework/Versions/3.6/Resources/lib/libRlapack.dylib

locale:
[1] en_US.UTF-8/en_US.UTF-8/en_US.UTF-8/C/en_US.UTF-8/en_US.UTF-8

attached base packages:
[1] stats     graphics  grDevices utils     datasets  methods   base     

other attached packages:
[1] optparse_1.6.4         AirSensor_0.5.7        MazamaCoreUtils_0.3.10
[4] futile.logger_1.4.3   

loaded via a namespace (and not attached):
 [1] Rcpp_1.0.2           rstudioapi_0.10      magrittr_1.5        
 [4] getopt_1.20.3        tidyselect_0.2.5     munsell_0.5.0       
 [7] colorspace_1.4-1     R6_2.4.0             rlang_0.4.0         
[10] stringr_1.4.0        dplyr_0.8.3          tools_3.6.1         
[13] grid_3.6.1           gtable_0.3.0         lambda.r_1.2.4      
[16] lazyeval_0.2.2       assertthat_0.2.1     tibble_2.1.3        
[19] crayon_1.3.4         purrr_0.3.2          ggplot2_3.2.1       
[22] formatR_1.7          futile.options_1.0.1 glue_1.3.1          
[25] stringi_1.4.3        compiler_3.6.1       pillar_1.4.2        
[28] scales_1.0.0         pkgconfig_2.0.3     

TRACE [2019-10-11 10:46:47] startdate = 2019-09-27 17:46:47, enddate = 2019-10-11 17:46:47
INFO [2019-10-11 10:46:47] Loading PAS data
INFO [2019-10-11 10:46:47] Obtaining 'pat' data for 20191011
DEBUG [2019-10-11 10:46:47] ----- pat_createNew() -----
INFO [2019-10-11 10:46:56] creating plot
INFO [2019-10-11 10:46:57] Completed successfully!
