INFO [2019-07-26 10:34:42] Running createVideo_exec.R version 0.1.1
DEBUG [2019-07-26 10:34:42] R session:

R version 3.5.2 (2018-12-20)
Platform: x86_64-apple-darwin15.6.0 (64-bit)
Running under: macOS Sierra 10.12.6

Matrix products: default
BLAS: /Library/Frameworks/R.framework/Versions/3.5/Resources/lib/libRblas.0.dylib
LAPACK: /Library/Frameworks/R.framework/Versions/3.5/Resources/lib/libRlapack.dylib

locale:
[1] en_US.UTF-8/en_US.UTF-8/en_US.UTF-8/C/en_US.UTF-8/en_US.UTF-8

attached base packages:
[1] stats     graphics  grDevices utils     datasets  methods   base     

other attached packages:
[1] optparse_1.6.2           MazamaSpatialUtils_0.6.1 sp_1.3-1                
[4] MazamaCoreUtils_0.1.3    futile.logger_1.4.3      AirSensor_0.3.10        

loaded via a namespace (and not attached):
 [1] Rcpp_1.0.1           magrittr_1.5         getopt_1.20.3       
 [4] tidyselect_0.2.5     munsell_0.5.0        colorspace_1.3-2    
 [7] lattice_0.20-38      R6_2.4.0             rlang_0.4.0         
[10] dplyr_0.8.1          rgdal_1.3-6          grid_3.5.2          
[13] gtable_0.2.0         lambda.r_1.2.3       lazyeval_0.2.1      
[16] assertthat_0.2.1     tibble_2.1.3         crayon_1.3.4        
[19] purrr_0.3.2          ggplot2_3.2.0        formatR_1.5         
[22] futile.options_1.0.1 glue_1.3.1           compiler_3.5.2      
[25] pillar_1.3.1         scales_1.0.0         pkgconfig_2.0.2     

INFO [2019-07-26 10:34:42] Loading sensor data
INFO [2019-07-26 10:34:43] Setting start and end times
INFO [2019-07-26 10:34:43] Preparing the time axis
INFO [2019-07-26 10:34:43] Loading static map of community 'Seal Beach'
INFO [2019-07-26 10:34:45] Generating 72 video frames
TRACE [2019-07-26 10:34:45] Generating frame 001: Jul 23 05:00
TRACE [2019-07-26 10:34:46] Generating frame 002: Jul 23 06:00
TRACE [2019-07-26 10:34:46] Generating frame 003: Jul 23 07:00
TRACE [2019-07-26 10:34:46] Generating frame 004: Jul 23 08:00
TRACE [2019-07-26 10:34:46] Generating frame 005: Jul 23 09:00
TRACE [2019-07-26 10:34:47] Generating frame 006: Jul 23 10:00
TRACE [2019-07-26 10:34:47] Generating frame 007: Jul 23 11:00
TRACE [2019-07-26 10:34:47] Generating frame 008: Jul 23 12:00
TRACE [2019-07-26 10:34:47] Generating frame 009: Jul 23 13:00
TRACE [2019-07-26 10:34:48] Generating frame 010: Jul 23 14:00
TRACE [2019-07-26 10:34:48] Generating frame 011: Jul 23 15:00
TRACE [2019-07-26 10:34:48] Generating frame 012: Jul 23 16:00
TRACE [2019-07-26 10:34:48] Generating frame 013: Jul 23 17:00
TRACE [2019-07-26 10:34:48] Generating frame 014: Jul 23 18:00
TRACE [2019-07-26 10:34:49] Generating frame 015: Jul 23 19:00
TRACE [2019-07-26 10:34:49] Generating frame 016: Jul 23 20:00
TRACE [2019-07-26 10:34:49] Generating frame 017: Jul 23 21:00
TRACE [2019-07-26 10:34:49] Generating frame 018: Jul 23 22:00
TRACE [2019-07-26 10:34:50] Generating frame 019: Jul 23 23:00
TRACE [2019-07-26 10:34:50] Generating frame 020: Jul 24 00:00
TRACE [2019-07-26 10:34:50] Generating frame 021: Jul 24 01:00
TRACE [2019-07-26 10:34:50] Generating frame 022: Jul 24 02:00
TRACE [2019-07-26 10:34:50] Generating frame 023: Jul 24 03:00
TRACE [2019-07-26 10:34:51] Generating frame 024: Jul 24 04:00
TRACE [2019-07-26 10:34:51] Generating frame 025: Jul 24 05:00
TRACE [2019-07-26 10:34:51] Generating frame 026: Jul 24 06:00
TRACE [2019-07-26 10:34:51] Generating frame 027: Jul 24 07:00
TRACE [2019-07-26 10:34:51] Generating frame 028: Jul 24 08:00
TRACE [2019-07-26 10:34:52] Generating frame 029: Jul 24 09:00
TRACE [2019-07-26 10:34:52] Generating frame 030: Jul 24 10:00
TRACE [2019-07-26 10:34:52] Generating frame 031: Jul 24 11:00
TRACE [2019-07-26 10:34:52] Generating frame 032: Jul 24 12:00
TRACE [2019-07-26 10:34:53] Generating frame 033: Jul 24 13:00
TRACE [2019-07-26 10:34:53] Generating frame 034: Jul 24 14:00
TRACE [2019-07-26 10:34:53] Generating frame 035: Jul 24 15:00
TRACE [2019-07-26 10:34:53] Generating frame 036: Jul 24 16:00
TRACE [2019-07-26 10:34:54] Generating frame 037: Jul 24 17:00
TRACE [2019-07-26 10:34:54] Generating frame 038: Jul 24 18:00
TRACE [2019-07-26 10:34:54] Generating frame 039: Jul 24 19:00
TRACE [2019-07-26 10:34:54] Generating frame 040: Jul 24 20:00
TRACE [2019-07-26 10:34:54] Generating frame 041: Jul 24 21:00
TRACE [2019-07-26 10:34:55] Generating frame 042: Jul 24 22:00
TRACE [2019-07-26 10:34:55] Generating frame 043: Jul 24 23:00
TRACE [2019-07-26 10:34:55] Generating frame 044: Jul 25 00:00
TRACE [2019-07-26 10:34:55] Generating frame 045: Jul 25 01:00
TRACE [2019-07-26 10:34:56] Generating frame 046: Jul 25 02:00
TRACE [2019-07-26 10:34:56] Generating frame 047: Jul 25 03:00
TRACE [2019-07-26 10:34:56] Generating frame 048: Jul 25 04:00
TRACE [2019-07-26 10:34:56] Generating frame 049: Jul 25 05:00
TRACE [2019-07-26 10:34:56] Generating frame 050: Jul 25 06:00
TRACE [2019-07-26 10:34:57] Generating frame 051: Jul 25 07:00
TRACE [2019-07-26 10:34:57] Generating frame 052: Jul 25 08:00
TRACE [2019-07-26 10:34:57] Generating frame 053: Jul 25 09:00
TRACE [2019-07-26 10:34:57] Generating frame 054: Jul 25 10:00
TRACE [2019-07-26 10:34:58] Generating frame 055: Jul 25 11:00
TRACE [2019-07-26 10:34:58] Generating frame 056: Jul 25 12:00
TRACE [2019-07-26 10:34:58] Generating frame 057: Jul 25 13:00
TRACE [2019-07-26 10:34:58] Generating frame 058: Jul 25 14:00
TRACE [2019-07-26 10:34:58] Generating frame 059: Jul 25 15:00
TRACE [2019-07-26 10:34:59] Generating frame 060: Jul 25 16:00
TRACE [2019-07-26 10:34:59] Generating frame 061: Jul 25 17:00
TRACE [2019-07-26 10:34:59] Generating frame 062: Jul 25 18:00
TRACE [2019-07-26 10:34:59] Generating frame 063: Jul 25 19:00
TRACE [2019-07-26 10:34:59] Generating frame 064: Jul 25 20:00
TRACE [2019-07-26 10:35:00] Generating frame 065: Jul 25 21:00
TRACE [2019-07-26 10:35:00] Generating frame 066: Jul 25 22:00
TRACE [2019-07-26 10:35:00] Generating frame 067: Jul 25 23:00
TRACE [2019-07-26 10:35:00] Generating frame 068: Jul 26 00:00
TRACE [2019-07-26 10:35:00] Generating frame 069: Jul 26 01:00
TRACE [2019-07-26 10:35:01] Generating frame 070: Jul 26 02:00
TRACE [2019-07-26 10:35:01] Generating frame 071: Jul 26 03:00
TRACE [2019-07-26 10:35:01] Generating frame 072: Jul 26 04:00
INFO [2019-07-26 10:35:01] Calling ffmpeg to make video from frames
INFO [2019-07-26 10:35:03] Completed successfully!
ERROR [2019-07-26 10:35:03] No errors
