INFO [2019-07-25 15:00:32] Running createVideo_exec.R version 0.1.1
DEBUG [2019-07-25 15:00:32] R session:

R version 3.5.2 (2018-12-20)
Platform: x86_64-apple-darwin15.6.0 (64-bit)
Running under: macOS Sierra 10.12.6

Matrix products: default
BLAS: /Library/Frameworks/R.framework/Versions/3.5/Resources/lib/libRblas.0.dylib
LAPACK: /Library/Frameworks/R.framework/Versions/3.5/Resources/lib/libRlapack.dylib

locale:
[1] en_US.UTF-8/en_US.UTF-8/en_US.UTF-8/C/en_US.UTF-8/en_US.UTF-8

attached base packages:
[1] stats     graphics  grDevices utils     datasets  methods   base     

other attached packages:
[1] optparse_1.6.2           MazamaSpatialUtils_0.6.1 sp_1.3-1                
[4] MazamaCoreUtils_0.1.3    futile.logger_1.4.3      AirSensor_0.3.10        

loaded via a namespace (and not attached):
 [1] Rcpp_1.0.1           magrittr_1.5         getopt_1.20.3       
 [4] tidyselect_0.2.5     munsell_0.5.0        colorspace_1.3-2    
 [7] lattice_0.20-38      R6_2.4.0             rlang_0.4.0         
[10] dplyr_0.8.1          rgdal_1.3-6          grid_3.5.2          
[13] gtable_0.2.0         lambda.r_1.2.3       lazyeval_0.2.1      
[16] assertthat_0.2.1     tibble_2.1.3         crayon_1.3.4        
[19] purrr_0.3.2          ggplot2_3.2.0        formatR_1.5         
[22] futile.options_1.0.1 glue_1.3.1           compiler_3.5.2      
[25] pillar_1.3.1         scales_1.0.0         pkgconfig_2.0.2     

INFO [2019-07-25 15:00:32] Loading sensor data
INFO [2019-07-25 15:00:33] Setting start and end times
INFO [2019-07-25 15:00:33] Preparing the time axis
INFO [2019-07-25 15:00:33] Loading static map of community 'Temescal Valley'
INFO [2019-07-25 15:00:35] Generating 72 video frames
INFO [2019-07-25 15:00:58] Calling ffmpeg to make video from frames
INFO [2019-07-25 15:01:00] Completed successfully!
ERROR [2019-07-25 15:01:00] No errors
