INFO [2019-07-17 12:34:07] Running createPAS_exec.R version 0.1.4
DEBUG [2019-07-17 12:34:08] R session:

R version 3.5.2 (2018-12-20)
Platform: x86_64-apple-darwin15.6.0 (64-bit)
Running under: macOS Sierra 10.12.6

Matrix products: default
BLAS: /Library/Frameworks/R.framework/Versions/3.5/Resources/lib/libRblas.0.dylib
LAPACK: /Library/Frameworks/R.framework/Versions/3.5/Resources/lib/libRlapack.dylib

locale:
[1] en_US.UTF-8/en_US.UTF-8/en_US.UTF-8/C/en_US.UTF-8/en_US.UTF-8

attached base packages:
[1] stats     graphics  grDevices utils     datasets  methods   base     

other attached packages:
[1] optparse_1.6.2        AirSensor_0.3.9       MazamaCoreUtils_0.1.3
[4] futile.logger_1.4.3  

loaded via a namespace (and not attached):
 [1] Rcpp_1.0.1           magrittr_1.5         tidyselect_0.2.5    
 [4] munsell_0.5.0        getopt_1.20.3        colorspace_1.3-2    
 [7] R6_2.4.0             rlang_0.4.0          dplyr_0.8.1         
[10] grid_3.5.2           gtable_0.2.0         lambda.r_1.2.3      
[13] lazyeval_0.2.1       assertthat_0.2.1     tibble_2.1.3        
[16] crayon_1.3.4         purrr_0.3.2          ggplot2_3.2.0       
[19] formatR_1.5          futile.options_1.0.1 glue_1.3.1          
[22] compiler_3.5.2       pillar_1.3.1         scales_1.0.0        
[25] pkgconfig_2.0.2     

INFO [2019-07-17 12:34:08] Obtaining 'pas' data for 2019071719
DEBUG [2019-07-17 12:34:08] ----- pas_loadLatest() -----
DEBUG [2019-07-17 12:34:08] ----- downloadParseSynopticData() -----
DEBUG [2019-07-17 12:34:21] ----- enhanceSynopticData() -----
DEBUG [2019-07-17 12:34:21] ----- enhanceSynopticData() -----
WARN [2019-07-17 12:34:53] Unable to load spatial data `CA_AirBasins`.
INFO [2019-07-17 12:35:03] Writing 'pas' data to pas_2019071719.rda
INFO [2019-07-17 12:35:03] Writing 'pas' data to pas_20190717.rda
INFO [2019-07-17 12:35:03] Completed successfully!
